<?xml version="1.0" encoding="UTF-8"?>
<testng-results skipped="0" failed="0" ignored="0" total="1" passed="1">
  <reporter-output>
  </reporter-output>
  <suite name="Default suite" duration-ms="293" started-at="2021-09-07T20:54:31 IST" finished-at="2021-09-07T20:54:32 IST">
    <groups>
    </groups>
    <test name="Default test" duration-ms="293" started-at="2021-09-07T20:54:31 IST" finished-at="2021-09-07T20:54:32 IST">
      <class name="ServerOpen.Emulator">
        <test-method status="PASS" signature="startServer()[pri:0, instance:ServerOpen.Emulator@80503]" name="startServer" duration-ms="210" started-at="2021-09-07T20:54:32 IST" finished-at="2021-09-07T20:54:32 IST">
          <reporter-output>
          </reporter-output>
        </test-method> <!-- startServer -->
      </class> <!-- ServerOpen.Emulator -->
    </test> <!-- Default test -->
  </suite> <!-- Default suite -->
</testng-results>
